<?xml version="1.0" encoding="UTF-8"?>
<!-- Generated by org.testng.reporters.JUnitReportReporter -->
<testsuite hostname="Krishnas-MBP.hsd1.ut.comcast.net" failures="0" tests="1" name="com.smilereminder.logintest.LoginTest" time="1.693" errors="0" timestamp="19 Mar 2019 02:18:57 GMT">
  <testcase classname="com.smilereminder.logintest.LoginTest" name="loginTest" time="1.693"/>
</testsuite> <!-- com.smilereminder.logintest.LoginTest -->
